<?xml version="1.0" encoding="UTF-8"?>
<!-- Generated by org.testng.reporters.JUnitXMLReporter -->
<testsuite ignored="0" hostname="DESKTOP-EC4GI3D" failures="0" tests="3" name="Default test" time="0.098" errors="0" timestamp="2022-04-08T19:12:28 IST">
  <testcase classname="org.test.SoftAssert1" name="Tc1" time="0.02"/>
  <testcase classname="org.test.SoftAssert1" name="Tc2" time="0.008"/>
  <testcase classname="org.test.SoftAssert1" name="tc3" time="0.004"/>
</testsuite> <!-- Default test -->
