<?xml version="1.0" encoding="UTF-8"?>
<testng-results ignored="0" total="3" passed="3" failed="0" skipped="0">
  <reporter-output>
  </reporter-output>
  <suite started-at="2022-04-08T19:12:28 IST" name="Default suite" finished-at="2022-04-08T19:12:28 IST" duration-ms="98">
    <groups>
    </groups>
    <test started-at="2022-04-08T19:12:28 IST" name="Default test" finished-at="2022-04-08T19:12:28 IST" duration-ms="98">
      <class name="org.test.SoftAssert1">
        <test-method signature="Tc1()[pri:0, instance:org.test.SoftAssert1@6e20b53a]" started-at="2022-04-08T19:12:28 IST" name="Tc1" finished-at="2022-04-08T19:12:28 IST" duration-ms="20" status="PASS">
          <reporter-output>
          </reporter-output>
        </test-method> <!-- Tc1 -->
        <test-method signature="Tc2()[pri:0, instance:org.test.SoftAssert1@6e20b53a]" started-at="2022-04-08T19:12:28 IST" name="Tc2" finished-at="2022-04-08T19:12:28 IST" duration-ms="8" status="PASS">
          <reporter-output>
          </reporter-output>
        </test-method> <!-- Tc2 -->
        <test-method signature="tc3()[pri:0, instance:org.test.SoftAssert1@6e20b53a]" started-at="2022-04-08T19:12:28 IST" name="tc3" finished-at="2022-04-08T19:12:28 IST" duration-ms="4" status="PASS">
          <reporter-output>
          </reporter-output>
        </test-method> <!-- tc3 -->
      </class> <!-- org.test.SoftAssert1 -->
    </test> <!-- Default test -->
  </suite> <!-- Default suite -->
</testng-results>
